1.5233579872725818
1.4691035670068295
1.4601326479785768
1.4595882137704002
1.450806166106909
1.4504977045867937
1.4435090165306292
1.442083694204885
1.4400267436903478
1.4395304079360374
1.437582823148383
1.4397991148648284
1.4360755792273299
1.4388843739347836
1.4331714141999048
1.4332536848893775
1.4346122598595556
1.4338916351091495
1.4315246824125887
1.4261781388179846
1.4245084090905042
1.424564087312127
1.4197991981380311
1.419021648982548
1.4223218279262997
1.4154906372666884
1.415148732683207
1.4128358144854658
1.4158960255232151
1.411456288088786
1.4109777250216395
1.4102509006004502
1.4120376711374862
1.4097657680248898
1.4080524389439217
1.4080669727619524
1.4052513358613994
1.4059391913172432
1.4044808109951439
1.4032602638400073
1.4029077756247332
1.4012996450657362
1.4014992535376865
1.3989854823912817
1.3969243246290652
1.3969899482926609
1.3947903567736368
1.3932847179767844
1.390790072044087
1.3920572000978277
1.3906786210736515
1.3893657388403553
1.3892103534700586
1.3889181715013696
1.3865064189560088
1.3841292608677027
1.3818639389481313
1.384885358915455
1.382521351922451
1.3809608566340896
1.3815629146172612
1.3809598293073377
1.3808796613226904
1.3783212943486705
1.3788558496777708
1.3788008859241587
1.3763907432293576
1.3756207331424242
1.373781097880544
1.3723427267326658
1.3753651872868056
1.3706477451166919
1.3714073753304419
1.368817252865972
1.3692289223229832
1.368843407882993
1.3667926817213387
1.3658272658150628
1.3655284844043496
1.3650369061247367
1.363348595633906
1.3653815663070932
1.362422656514046
1.3611349773301953
1.3626515162936392
1.3613487772216881
1.3596548771543124
1.3579608383157704
1.3586609376684684
1.3562713799760204
1.3551125223153488
1.3558591555656316
1.3552184364869206
1.3559349903976339
1.35562095597452
1.3539280938682052
1.3549403755675329
1.352408844468877
1.3512927200563154
1.3476303643854703
